app/build/outputs/mapping/release/seeds.txt
com.wubydax.romcontrol.v2.AboutActivity
com.wubydax.romcontrol.v2.AboutActivity: AboutActivity()
com.wubydax.romcontrol.v2.AboutActivity: void onClick(android.view.View)
com.wubydax.romcontrol.v2.MainActivity
com.wubydax.romcontrol.v2.MainActivity: MainActivity()
com.wubydax.romcontrol.v2.MyApp
com.wubydax.romcontrol.v2.MyApp: MyApp()
com.wubydax.romcontrol.v2.PrefsFragment$1: void onClick(android.view.View)
com.wubydax.romcontrol.v2.R$anim: int abc_fade_in
com.wubydax.romcontrol.v2.R$anim: int abc_fade_out
com.wubydax.romcontrol.v2.R$anim: int abc_grow_fade_in_from_bottom
com.wubydax.romcontrol.v2.R$anim: int abc_popup_enter
com.wubydax.romcontrol.v2.R$anim: int abc_popup_exit
com.wubydax.romcontrol.v2.R$anim: int abc_shrink_fade_out_from_bottom
com.wubydax.romcontrol.v2.R$anim: int abc_slide_in_bottom
com.wubydax.romcontrol.v2.R$anim: int abc_slide_in_top
com.wubydax.romcontrol.v2.R$anim: int abc_slide_out_bottom
com.wubydax.romcontrol.v2.R$anim: int abc_slide_out_top
com.wubydax.romcontrol.v2.R$anim: int design_appbar_state_list_animator
com.wubydax.romcontrol.v2.R$anim: int design_bottom_sheet_slide_in
com.wubydax.romcontrol.v2.R$anim: int design_bottom_sheet_slide_out
com.wubydax.romcontrol.v2.R$anim: int design_fab_in
com.wubydax.romcontrol.v2.R$anim: int design_fab_out
com.wubydax.romcontrol.v2.R$anim: int design_snackbar_in
com.wubydax.romcontrol.v2.R$anim: int design_snackbar_out
com.wubydax.romcontrol.v2.R$anim: int fade_in
com.wubydax.romcontrol.v2.R$anim: int fade_out
com.wubydax.romcontrol.v2.R$animator: int fadein
com.wubydax.romcontrol.v2.R$animator: int fadeout
com.wubydax.romcontrol.v2.R$array: int SignalPositionName
com.wubydax.romcontrol.v2.R$array: int SignalPositionValue
com.wubydax.romcontrol.v2.R$array: int about_contact_us_drawables
com.wubydax.romcontrol.v2.R$array: int about_contact_us_links
com.wubydax.romcontrol.v2.R$array: int about_contact_us_text
com.wubydax.romcontrol.v2.R$array: int about_credits_drawables
com.wubydax.romcontrol.v2.R$array: int about_credits_links
com.wubydax.romcontrol.v2.R$array: int about_credits_names
com.wubydax.romcontrol.v2.R$array: int about_team_drawables
com.wubydax.romcontrol.v2.R$array: int about_team_links
com.wubydax.romcontrol.v2.R$array: int about_team_names
com.wubydax.romcontrol.v2.R$array: int alarm_drawables
com.wubydax.romcontrol.v2.R$array: int alarm_entries
com.wubydax.romcontrol.v2.R$array: int alarm_values
com.wubydax.romcontrol.v2.R$array: int arrow_position_entries
com.wubydax.romcontrol.v2.R$array: int arrow_position_values
com.wubydax.romcontrol.v2.R$array: int backup_restore_items
com.wubydax.romcontrol.v2.R$array: int battery_bar_entries
com.wubydax.romcontrol.v2.R$array: int battery_bar_style_entries
com.wubydax.romcontrol.v2.R$array: int battery_bar_style_values
com.wubydax.romcontrol.v2.R$array: int battery_bar_thickness_entries
com.wubydax.romcontrol.v2.R$array: int battery_bar_thickness_values
com.wubydax.romcontrol.v2.R$array: int battery_bar_values
com.wubydax.romcontrol.v2.R$array: int carrier_entries
com.wubydax.romcontrol.v2.R$array: int carrier_entry_values
...
android.support.design.R$style: int AlertDialog_AppCompat
android.support.design.R$style: int AlertDialog_AppCompat_Light
android.support.design.R$style: int Animation_AppCompat_Dialog
android.support.design.R$style: int Animation_AppCompat_DropDownUp
android.support.design.R$style: int Animation_Design_BottomSheetDialog
android.support.design.R$style: int Base_AlertDialog_AppCompat
android.support.design.R$style: int Base_AlertDialog_AppCompat_Light
android.support.design.R$style: int Base_Animation_AppCompat_Dialog
android.support.design.R$style: int Base_Animation_AppCompat_DropDownUp
android.support.design.R$style: int Base_DialogWindowTitleBackground_AppCompat
android.support.design.R$style: int Base_DialogWindowTitle_AppCompat
android.support.design.R$style: int Base_TextAppearance_AppCompat
android.support.design.R$style: int Base_TextAppearance_AppCompat_Body1
android.support.design.R$style: int Base_TextAppearance_AppCompat_Body2
android.support.design.R$style: int Base_TextAppearance_AppCompat_Button
android.support.design.R$style: int Base_TextAppearance_AppCompat_Caption
android.support.design.R$style: int Base_TextAppearance_AppCompat_Display1
android.support.design.R$style: int Base_TextAppearance_AppCompat_Display2
android.support.design.R$style: int Base_TextAppearance_AppCompat_Display3
android.support.design.R$style: int Base_TextAppearance_AppCompat_Display4
android.support.design.R$style: int Base_TextAppearance_AppCompat_Headline
android.support.design.R$styleable: int[] ActionBar
android.support.design.R$styleable: int[] ActionBarLayout
android.support.design.R$styleable: int ActionBarLayout_android_layout_gravity
android.support.design.R$styleable: int ActionBar_background
android.support.design.R$styleable: int ActionBar_backgroundSplit
android.support.design.R$styleable: int ActionBar_backgroundStacked
android.support.design.R$styleable: int ActionBar_contentInsetEnd
android.support.design.R$styleable: int ActionBar_contentInsetEndWithActions
android.support.design.R$styleable: int ActionBar_contentInsetLeft
android.support.design.R$styleable: int ActionBar_contentInsetRight
android.support.design.R$styleable: int ActionBar_contentInsetStart
android.support.design.R$styleable: int ActionBar_contentInsetStartWithNavigation
android.support.design.R$styleable: int ActionBar_customNavigationLayout
android.support.design.R$styleable: int ActionBar_displayOptions
android.support.design.R$styleable: int ActionBar_divider
android.support.design.R$styleable: int ActionBar_elevation
android.support.design.R$styleable: int ActionBar_height
android.support.design.R$styleable: int ActionBar_hideOnContentScroll
android.support.design.R$styleable: int ActionBar_homeAsUpIndicator
android.support.design.R$styleable: int ActionBar_homeLayout
android.support.design.R$styleable: int ActionBar_icon
android.support.design.R$styleable: int ActionBar_indeterminateProgressStyle
android.support.design.internal.ForegroundLinearLayout: ForegroundLinearLayout(android.content.Context)
android.support.design.internal.ForegroundLinearLayout: ForegroundLinearLayout(android.content.Context,android.util.AttributeSet)
android.support.design.internal.ForegroundLinearLayout: ForegroundLinearLayout(android.content.Context,android.util.AttributeSet,int)
android.support.design.internal.ForegroundLinearLayout: int getForegroundGravity()
android.support.design.internal.ForegroundLinearLayout: void setForegroundGravity(int)
android.support.design.internal.ForegroundLinearLayout: void setForeground(android.graphics.drawable.Drawable)
android.support.design.internal.ForegroundLinearLayout: android.graphics.drawable.Drawable getForeground()