app/build/outputs/mapping/release/mapping.txt
com.wubydax.romcontrol.v2.AboutActivity -> com.wubydax.romcontrol.v2.AboutActivity:
    java.lang.Integer[] mContactUsIds -> n
    java.lang.Integer[] mTeamIds -> o
    java.lang.Integer[] mCreditsIds -> p
    boolean $assertionsDisabled -> m
    void <init>() -> <init>
    void onCreate(android.os.Bundle) -> onCreate
    void setUpCreditsItems() -> e
    void setUpTeamItems() -> f
    void setUpAboutItems() -> g
    void onClick(android.view.View) -> onClick
    void <clinit>() -> <clinit>
com.wubydax.romcontrol.v2.MainActivity -> com.wubydax.romcontrol.v2.MainActivity:
    android.app.ProgressDialog mProgressDialog -> n
    android.app.FragmentManager mFragmentManager -> o
    android.content.SharedPreferences mSharedPreferences -> p
    java.util.ArrayList mNavMenuItemsIds -> q
    boolean $assertionsDisabled -> m
    void <init>() -> <init>
    void onCreate(android.os.Bundle) -> onCreate
    void setUpPrefsMenu(android.view.Menu) -> a
    void onBackPressed() -> onBackPressed
    boolean onCreateOptionsMenu(android.view.Menu) -> onCreateOptionsMenu
    boolean onOptionsItemSelected(android.view.MenuItem) -> onOptionsItemSelected
    boolean onNavigationItemSelected(android.view.MenuItem) -> a
    void launchBackupRestoreService(int,java.lang.String) -> a
    void loadPrefsFragment(java.lang.String) -> a
    void onTaskCompleted(boolean) -> b
    void onDialogResult(int) -> b
    void onBackupRestoreResult(int) -> c
    void onPause() -> onPause
    void onRestoreRequested(java.lang.String,boolean) -> a
    android.view.View getDecorView() -> e
    void <clinit>() -> <clinit>
com.wubydax.romcontrol.v2.MyApp -> com.wubydax.romcontrol.v2.MyApp:
    android.content.Context mContext -> a
    void <init>() -> <init>
    android.content.Context getContext() -> a
    void onCreate() -> onCreate
    void onLowMemory() -> onLowMemory
com.wubydax.romcontrol.v2.PrefsFragment -> com.wubydax.romcontrol.v2.a:
    java.lang.String LOG_TAG -> a
    android.content.Context mContext -> b
    android.content.SharedPreferences mSharedPreferences -> c
    java.lang.String mUriPreferenceKey -> d
    void <init>() -> <init>
    com.wubydax.romcontrol.v2.PrefsFragment newInstance(java.lang.String) -> a
    void onCreate(android.os.Bundle) -> onCreate
    void onActivityResult(int,int,android.content.Intent) -> onActivityResult
    void iteratePrefs(android.preference.PreferenceGroup) -> a
    boolean onPreferenceClick(android.preference.Preference) -> onPreferenceClick
    void onUriSelectionRequested(java.lang.String) -> b
    void <clinit>() -> <clinit>
com.wubydax.romcontrol.v2.PrefsFragment$1 -> com.wubydax.romcontrol.v2.a$1:
    android.app.Dialog val$dialog -> a
    com.wubydax.romcontrol.v2.PrefsFragment this$0 -> b
    void <init>(com.wubydax.romcontrol.v2.PrefsFragment,android.app.Dialog) -> <init>
    void onClick(android.view.View) -> onClick
com.wubydax.romcontrol.v2.R -> com.wubydax.romcontrol.v2.b:
...
android.support.v4.view.AccessibilityDelegateCompatJellyBean$1 -> android.support.v4.i.d$1:
    android.support.v4.view.AccessibilityDelegateCompatJellyBean$AccessibilityDelegateBridgeJellyBean val$bridge -> a
    void <init>(android.support.v4.view.AccessibilityDelegateCompatJellyBean$AccessibilityDelegateBridgeJellyBean) -> <init>
    boolean dispatchPopulateAccessibilityEvent(android.view.View,android.view.accessibility.AccessibilityEvent) -> dispatchPopulateAccessibilityEvent
    void onInitializeAccessibilityEvent(android.view.View,android.view.accessibility.AccessibilityEvent) -> onInitializeAccessibilityEvent
    void onInitializeAccessibilityNodeInfo(android.view.View,android.view.accessibility.AccessibilityNodeInfo) -> onInitializeAccessibilityNodeInfo
    void onPopulateAccessibilityEvent(android.view.View,android.view.accessibility.AccessibilityEvent) -> onPopulateAccessibilityEvent
    boolean onRequestSendAccessibilityEvent(android.view.ViewGroup,android.view.View,android.view.accessibility.AccessibilityEvent) -> onRequestSendAccessibilityEvent
    void sendAccessibilityEvent(android.view.View,int) -> sendAccessibilityEvent
    void sendAccessibilityEventUnchecked(android.view.View,android.view.accessibility.AccessibilityEvent) -> sendAccessibilityEventUnchecked
    android.view.accessibility.AccessibilityNodeProvider getAccessibilityNodeProvider(android.view.View) -> getAccessibilityNodeProvider
android.support.v4.view.AccessibilityDelegateCompatJellyBean$AccessibilityDelegateBridgeJellyBean -> android.support.v4.i.d$a:
    boolean dispatchPopulateAccessibilityEvent(android.view.View,android.view.accessibility.AccessibilityEvent) -> a
    void onInitializeAccessibilityEvent(android.view.View,android.view.accessibility.AccessibilityEvent) -> b
    void onInitializeAccessibilityNodeInfo(android.view.View,java.lang.Object) -> a
    void onPopulateAccessibilityEvent(android.view.View,android.view.accessibility.AccessibilityEvent) -> c
    boolean onRequestSendAccessibilityEvent(android.view.ViewGroup,android.view.View,android.view.accessibility.AccessibilityEvent) -> a
    void sendAccessibilityEvent(android.view.View,int) -> a
    void sendAccessibilityEventUnchecked(android.view.View,android.view.accessibility.AccessibilityEvent) -> d
    java.lang.Object getAccessibilityNodeProvider(android.view.View) -> a
    boolean performAccessibilityAction(android.view.View,int,android.os.Bundle) -> a
android.support.v4.view.ActionProvider -> android.support.v4.i.e:
    android.content.Context mContext -> c
    android.support.v4.view.ActionProvider$SubUiVisibilityListener mSubUiVisibilityListener -> a
    android.support.v4.view.ActionProvider$VisibilityListener mVisibilityListener -> b
    void <init>(android.content.Context) -> <init>
    android.view.View onCreateActionView() -> a
    android.view.View onCreateActionView(android.view.MenuItem) -> a
    boolean overridesItemVisibility() -> b
    boolean isVisible() -> c
    boolean onPerformDefaultAction() -> d
    boolean hasSubMenu() -> e
    void onPrepareSubMenu(android.view.SubMenu) -> a
    void subUiVisibilityChanged(boolean) -> a
    void setVisibilityListener(android.support.v4.view.ActionProvider$VisibilityListener) -> a
android.support.v4.view.ActionProvider$SubUiVisibilityListener -> android.support.v4.i.e$a:
    void onSubUiVisibilityChanged(boolean) -> b
android.support.v4.view.ActionProvider$VisibilityListener -> android.support.v4.i.e$b:
    void onActionProviderVisibilityChanged$1385ff() -> a
android.support.v4.view.GravityCompat -> android.support.v4.i.f:
    android.support.v4.view.GravityCompat$GravityCompatImpl IMPL -> a
    void apply(int,int,int,android.graphics.Rect,android.graphics.Rect,int) -> a
    int getAbsoluteGravity(int,int) -> a
    void <clinit>() -> <clinit>