app/build/outputs/mapping/release/usage.txt
com.wubydax.romcontrol.v2.BuildConfig
com.wubydax.romcontrol.v2.R:
    10:10:public R()
com.wubydax.romcontrol.v2.R$anim
com.wubydax.romcontrol.v2.R$animator
com.wubydax.romcontrol.v2.R$array
com.wubydax.romcontrol.v2.R$attr
com.wubydax.romcontrol.v2.R$bool
com.wubydax.romcontrol.v2.R$color
com.wubydax.romcontrol.v2.R$dimen
com.wubydax.romcontrol.v2.R$drawable
com.wubydax.romcontrol.v2.R$id
com.wubydax.romcontrol.v2.R$integer
com.wubydax.romcontrol.v2.R$layout
com.wubydax.romcontrol.v2.R$menu
com.wubydax.romcontrol.v2.R$mipmap
com.wubydax.romcontrol.v2.R$raw
com.wubydax.romcontrol.v2.R$string
com.wubydax.romcontrol.v2.R$style
com.wubydax.romcontrol.v2.R$styleable:
    4050:4050:public R$styleable()
com.wubydax.romcontrol.v2.R$xml
com.wubydax.romcontrol.v2.prefs.ColorPickerDialog:
    178:178:public boolean getHexValueEnabled()
com.wubydax.romcontrol.v2.prefs.ColorPickerPanelView:
    private static final float BORDER_WIDTH_PX
com.wubydax.romcontrol.v2.prefs.ColorPickerPreference:
    294:296:public void setColor(int)
com.wubydax.romcontrol.v2.prefs.ColorPickerView:
    private static final int PANEL_SAT_VAL
    private static final int PANEL_HUE
    private static final int PANEL_ALPHA
    private static final float BORDER_WIDTH_PX
com.wubydax.romcontrol.v2.prefs.GlobalRestorePreference
com.wubydax.romcontrol.v2.prefs.MyPreferenceCategory
com.wubydax.romcontrol.v2.prefs.RunScriptPreference
com.wubydax.romcontrol.v2.prefs.RunScriptPreference$1
com.wubydax.romcontrol.v2.prefs.RunScriptPreference$2
com.wubydax.romcontrol.v2.prefs.ThumbnailListPreference:
    158:158:public java.lang.CharSequence[] getEntries()
    162:163:public void setEntries(java.lang.CharSequence[])
    166:166:public java.lang.CharSequence[] getEntryValues()
    170:171:public void setEntryValues(java.lang.CharSequence[])
    174:174:public android.graphics.drawable.Drawable[] getDrawableArray()
    178:179:public void setDrawableArray(android.graphics.drawable.Drawable[])
com.wubydax.romcontrol.v2.prefs.UriSelectionPreference:
    49:49:public com.wubydax.romcontrol.v2.prefs.UriSelectionPreference$OnUriSelectionRequestedListener getOnUriSelectionRequestedListener()
com.wubydax.romcontrol.v2.utils.BackupRestoreIntentService$LocalReceiver:
    static final java.lang.String BACKUP_COMPLETE_ACTION
    static final java.lang.String RESTORE_COMPLETE_ACTION
com.wubydax.romcontrol.v2.utils.Constants:
    static final java.lang.String DIALOG_REQUEST_CODE_KEY
    static final java.lang.String DIALOG_RESTORE_IS_CONFIRM_REQUIRED
    static final java.lang.String SCRIPTS_FOLDER
    public static final java.lang.String BACKUP_FILE_PATH_EXTRA_KEY
    public static final java.lang.String FIRST_LAUNCH_KEY
    public static final java.lang.String LAST_FRAGMENT
    public static final java.lang.String PREF_NAME_KEY
    public static final java.lang.String SERVICE_INTENT_ACTION_BACKUP
    public static final java.lang.String SERVICE_INTENT_ACTION_RESTORE
    public static final java.lang.String THEME_PREF_KEY
    public static final int BACKUP_OR_RESTORE_DIALOG_REQUEST_CODE
    public static final int CHANGELOG_DIALOG_REQUEST_CODE
    public static final int NO_SU_DIALOG_REQUEST_CODE
    public static final int REBOOT_MENU_DIALOG_REQUEST_CODE
    public static final int RESTORE_FILE_SELECTOR_DIALOG_REQUEST_CODE
    public static final int THEME_DIALOG_REQUEST_CODE
    22:22:public Constants()
com.wubydax.romcontrol.v2.utils.Utils:
    private static final java.lang.String LOG_TAG
    51:51:public Utils()
    160:168:private static float getDegreesForRotation(int)
...
android.support.v4.view.MotionEventCompat$HoneycombMr1MotionEventVersionImpl:
    68:68:public float getAxisValue(android.view.MotionEvent,int,int)
android.support.v4.view.MotionEventCompat$ICSMotionEventVersionImpl:
    79:79:public int getButtonState(android.view.MotionEvent)
android.support.v4.view.MotionEventCompat$MotionEventVersionImpl:
    public abstract float getAxisValue(android.view.MotionEvent,int,int)
    public abstract int getButtonState(android.view.MotionEvent)
android.support.v4.view.MotionEventCompatHoneycombMr1:
    24:24:MotionEventCompatHoneycombMr1()
    30:30:static float getAxisValue(android.view.MotionEvent,int,int)
android.support.v4.view.MotionEventCompatICS
android.support.v4.view.NestedScrollingChild:
    public abstract void setNestedScrollingEnabled(boolean)
    public abstract boolean isNestedScrollingEnabled()
    public abstract boolean startNestedScroll(int)
    public abstract boolean hasNestedScrollingParent()
    public abstract boolean dispatchNestedScroll(int,int,int,int,int[])
    public abstract boolean dispatchNestedPreScroll(int,int,int[],int[])
    public abstract boolean dispatchNestedFling(float,float,boolean)
    public abstract boolean dispatchNestedPreFling(float,float)
android.support.v4.view.NestedScrollingChildHelper:
    268:269:public void onDetachedFromWindow()
    281:282:public void onStopNestedScroll(android.view.View)
android.support.v4.view.NestedScrollingParent:
    public abstract int getNestedScrollAxes()
android.support.v4.view.PagerAdapter
android.support.v4.view.PagerTabStrip
android.support.v4.view.PagerTabStrip$1
android.support.v4.view.PagerTabStrip$2
android.support.v4.view.PagerTitleStrip
android.support.v4.view.PagerTitleStrip$1
android.support.v4.view.PagerTitleStrip$PageListener
android.support.v4.view.PagerTitleStrip$PagerTitleStripImpl
android.support.v4.view.PagerTitleStrip$PagerTitleStripImplBase
android.support.v4.view.PagerTitleStrip$PagerTitleStripImplIcs
android.support.v4.view.PagerTitleStripIcs
android.support.v4.view.PagerTitleStripIcs$SingleLineAllCapsTransform
android.support.v4.view.PointerIconCompat
android.support.v4.view.PointerIconCompat$Api24PointerIconCompatImpl
android.support.v4.view.PointerIconCompat$BasePointerIconCompatImpl
android.support.v4.view.PointerIconCompat$PointerIconCompatImpl
android.support.v4.view.PointerIconCompatApi24
android.support.v4.view.ScaleGestureDetectorCompat
android.support.v4.view.ScaleGestureDetectorCompat$1
android.support.v4.view.ScaleGestureDetectorCompat$BaseScaleGestureDetectorImpl
android.support.v4.view.ScaleGestureDetectorCompat$ScaleGestureDetectorCompatKitKatImpl
android.support.v4.view.ScaleGestureDetectorCompat$ScaleGestureDetectorImpl
android.support.v4.view.ScaleGestureDetectorCompatKitKat
android.support.v4.view.VelocityTrackerCompat:
    94:94:private VelocityTrackerCompat()
android.support.v4.view.VelocityTrackerCompatHoneycomb:
    24:24:VelocityTrackerCompatHoneycomb()